<?xml version="1.0" encoding="UTF-8"?>
<!-- Generated by org.testng.reporters.JUnitXMLReporter -->
<testsuite ignored="10" hostname="DESKTOP-BCPG6LK" failures="0" tests="13" name="Test" time="52.736" errors="0" timestamp="2022-08-07T10:19:22 EET">
  <testcase classname="ecommerce.RegisterandLogin" name="login_Test" time="2.87"/>
  <testcase classname="ecommerce.Shopping" name="selectShopping" time="8.395"/>
  <testcase classname="ecommerce.Shopping" name="selectShopping2" time="7.879"/>
  <testcase classname="ecommerce.Shopping" name="shoppingCart" time="1.327"/>
  <testcase classname="ecommerce.Shopping" name="removeFromShoppingCart" time="1.095"/>
  <testcase classname="ecommerce.Search" name="SearchBox" time="1.705"/>
  <testcase classname="ecommerce.Search" name="addToWithList" time="2.198"/>
  <testcase classname="ecommerce.Search" name="goToWishlistMenu" time="1.214"/>
  <testcase classname="ecommerce.Search" name="wishListToCart" time="1.842"/>
  <testcase classname="ecommerce.ConfirmPurchasing" name="checkout" time="2.625"/>
  <testcase classname="ecommerce.ConfirmPurchasing" name="Confirm" time="1.144"/>
  <testcase classname="ecommerce.ConfirmPurchasing" name="Payments" time="6.546"/>
  <testcase classname="ecommerce.Logout" name="logoutFromWebSite" time="1.598"/>
  <testcase classname="ecommerce.OpenCloseBrowser" name="@BeforeTest openBrowser" time="0.0">
    <ignored/>
  </testcase> <!-- @BeforeTest openBrowser -->
  <testcase classname="ecommerce.OpenCloseBrowser" name="@BeforeTest openBrowser" time="0.0">
    <ignored/>
  </testcase> <!-- @BeforeTest openBrowser -->
  <testcase classname="ecommerce.OpenCloseBrowser" name="@BeforeTest openBrowser" time="0.0">
    <ignored/>
  </testcase> <!-- @BeforeTest openBrowser -->
  <testcase classname="ecommerce.OpenCloseBrowser" name="@BeforeTest openBrowser" time="0.0">
    <ignored/>
  </testcase> <!-- @BeforeTest openBrowser -->
  <testcase classname="ecommerce.OpenCloseBrowser" name="@BeforeTest openBrowser" time="0.0">
    <ignored/>
  </testcase> <!-- @BeforeTest openBrowser -->
  <testcase classname="ecommerce.OpenCloseBrowser" name="@AfterTest CloseWebsite" time="0.0">
    <ignored/>
  </testcase> <!-- @AfterTest CloseWebsite -->
  <testcase classname="ecommerce.OpenCloseBrowser" name="@AfterTest CloseWebsite" time="0.0">
    <ignored/>
  </testcase> <!-- @AfterTest CloseWebsite -->
  <testcase classname="ecommerce.OpenCloseBrowser" name="@AfterTest CloseWebsite" time="0.0">
    <ignored/>
  </testcase> <!-- @AfterTest CloseWebsite -->
  <testcase classname="ecommerce.OpenCloseBrowser" name="@AfterTest CloseWebsite" time="0.0">
    <ignored/>
  </testcase> <!-- @AfterTest CloseWebsite -->
  <testcase classname="ecommerce.OpenCloseBrowser" name="@AfterTest CloseWebsite" time="0.0">
    <ignored/>
  </testcase> <!-- @AfterTest CloseWebsite -->
</testsuite> <!-- Test -->
